{
  "RSpec": {
    "coverage": {
      "/home/enow/projects/ruby_and_rails/ReadingList/config/environment.rb": {
        "lines": [
          null,
          1,
          null,
          null,
          1
        ]
      },
      "/home/enow/projects/ruby_and_rails/ReadingList/config/application.rb": {
        "lines": [
          1,
          null,
          1,
          null,
          1,
          1,
          1,
          1,
          1,
          1,
          1,
          1,
          1,
          1,
          null,
          1,
          null,
          null,
          null,
          1,
          null,
          1,
          1,
          null,
          1,
          null,
          null,
          null,
          null,
          null,
          null,
          null,
          null,
          null,
          1,
          null,
          null
        ]
      },
      "/home/enow/projects/ruby_and_rails/ReadingList/config/boot.rb": {
        "lines": [
          1,
          null,
          1,
          1
        ]
      },
      "/home/enow/projects/ruby_and_rails/ReadingList/config/environments/test.rb": {
        "lines": [
          null,
          null,
          null,
          null,
          null,
          1,
          null,
          null,
          1,
          null,
          null,
          null,
          null,
          1,
          null,
          null,
          1,
          1,
          null,
          null,
          null,
          null,
          1,
          1,
          1,
          null,
          null,
          1,
          null,
          null,
          1,
          null,
          null,
          1,
          null,
          1,
          null,
          null,
          null,
          null,
          1,
          null,
          null,
          1,
          null,
          null,
          null,
          null
        ]
      },
      "/home/enow/projects/ruby_and_rails/ReadingList/config/initializers/application_controller_renderer.rb": {
        "lines": [
          null,
          null,
          null,
          null,
          null,
          null,
          null,
          null
        ]
      },
      "/home/enow/projects/ruby_and_rails/ReadingList/config/initializers/backtrace_silencers.rb": {
        "lines": [
          null,
          null,
          null,
          null,
          null,
          null,
          null
        ]
      },
      "/home/enow/projects/ruby_and_rails/ReadingList/config/initializers/cors.rb": {
        "lines": [
          null,
          null,
          null,
          null,
          null,
          null,
          null,
          1,
          1,
          1,
          null,
          1,
          null,
          null,
          null,
          null
        ]
      },
      "/home/enow/projects/ruby_and_rails/ReadingList/config/initializers/filter_parameter_logging.rb": {
        "lines": [
          null,
          null,
          null,
          1
        ]
      },
      "/home/enow/projects/ruby_and_rails/ReadingList/config/initializers/inflections.rb": {
        "lines": [
          null,
          null,
          null,
          null,
          null,
          null,
          null,
          null,
          null,
          null,
          null,
          null,
          null,
          null,
          null,
          null
        ]
      },
      "/home/enow/projects/ruby_and_rails/ReadingList/config/initializers/mime_types.rb": {
        "lines": [
          null,
          null,
          null,
          null
        ]
      },
      "/home/enow/projects/ruby_and_rails/ReadingList/config/initializers/new_framework_defaults_6_0.rb": {
        "lines": [
          null,
          null,
          null,
          null,
          null,
          null,
          null,
          null,
          null,
          null,
          null,
          null,
          null,
          null,
          null,
          null,
          null,
          null,
          null,
          null,
          null,
          null,
          null,
          null,
          null,
          null,
          null,
          null,
          null,
          null,
          null,
          null,
          null,
          null,
          null,
          null,
          null,
          null,
          null,
          null,
          null,
          null,
          null,
          null,
          null
        ]
      },
      "/home/enow/projects/ruby_and_rails/ReadingList/config/initializers/wrap_parameters.rb": {
        "lines": [
          null,
          null,
          null,
          null,
          null,
          null,
          1,
          2,
          null,
          null,
          null,
          null,
          null,
          null
        ]
      },
      "/home/enow/projects/ruby_and_rails/ReadingList/config/routes.rb": {
        "lines": [
          1,
          1,
          1,
          1,
          1,
          1,
          1,
          1,
          1,
          1,
          1,
          1,
          null,
          null,
          null
        ]
      },
      "/home/enow/projects/ruby_and_rails/ReadingList/app/models/book.rb": {
        "lines": [
          1,
          1,
          null,
          null,
          1,
          null,
          null,
          1,
          null
        ]
      },
      "/home/enow/projects/ruby_and_rails/ReadingList/app/models/application_record.rb": {
        "lines": [
          1,
          1,
          null
        ]
      },
      "/home/enow/projects/ruby_and_rails/ReadingList/app/models/genre.rb": {
        "lines": [
          1,
          1,
          null,
          1,
          null
        ]
      },
      "/home/enow/projects/ruby_and_rails/ReadingList/app/controllers/application_controller.rb": {
        "lines": [
          1,
          null
        ]
      },
      "/home/enow/projects/ruby_and_rails/ReadingList/app/controllers/api/v1/books_controller.rb": {
        "lines": [
          1,
          1,
          1,
          1,
          null,
          1,
          3,
          1,
          null,
          2,
          null,
          null,
          3,
          null,
          null,
          1,
          0,
          0,
          null,
          null,
          1,
          1,
          null,
          null,
          1,
          5,
          5,
          5,
          null,
          0,
          null,
          null,
          null,
          1,
          1,
          0,
          null,
          null,
          null,
          1,
          1,
          0,
          null,
          null,
          null,
          1,
          1,
          3,
          null,
          null,
          1,
          6,
          null,
          null,
          null,
          null
        ]
      },
      "/home/enow/projects/ruby_and_rails/ReadingList/app/serializers/book_serializer.rb": {
        "lines": [
          1,
          1,
          null,
          1,
          null
        ]
      },
      "/home/enow/projects/ruby_and_rails/ReadingList/app/serializers/genre_serializer.rb": {
        "lines": [
          1,
          1,
          null,
          1,
          null
        ]
      }
    },
    "timestamp": 1580816753
  }
}
